<?xml version="1.0" encoding="UTF-8"?>
<!-- Generated by org.testng.reporters.JUnitReportReporter -->
<testsuite hostname="U1-DPE-CPB-0020" name="com.actionclass.test.HoverMenuTest" tests="1" failures="0" timestamp="9 Mar 2016 09:37:16 GMT" time="8.097" errors="0">
  <testcase name="Navigation" time="8.097" classname="com.actionclass.test.HoverMenuTest"/>
</testsuite> <!-- com.actionclass.test.HoverMenuTest -->
