<?xml version="1.0" encoding="UTF-8"?>
<!-- Generated by org.testng.reporters.JUnitReportReporter -->
<testsuite hostname="U1-DPE-CPB-0020" name="com.ctsearch.CTSearch" tests="1" failures="0" timestamp="2 Mar 2016 07:10:10 GMT" time="0.054" errors="0">
  <testcase name="test" time="0.054" classname="com.ctsearch.CTSearch"/>
</testsuite> <!-- com.ctsearch.CTSearch -->
