<?xml version="1.0" encoding="UTF-8"?>
<!-- Generated by org.testng.reporters.JUnitReportReporter -->
<testsuite hostname="U1-DPE-CPB-0020" name="com.ecommerce.callingFunctions.CallingFunctions" tests="1" failures="0" timestamp="30 Mar 2016 11:44:25 GMT" time="33.968" errors="0">
  <testcase name="Test" time="33.968" classname="com.ecommerce.callingFunctions.CallingFunctions"/>
</testsuite> <!-- com.ecommerce.callingFunctions.CallingFunctions -->
