<?xml version="1.0" encoding="UTF-8"?>
<!-- Generated by org.testng.reporters.JUnitReportReporter -->
<testsuite hostname="U1-DPE-CPB-0020" name="com.ecommerce.callingFunctions.CallingFunctions" tests="2" failures="0" timestamp="12 Apr 2016 13:59:07 GMT" time="22.692" errors="0">
  <testcase name="purchaseItems" time="6.646" classname="com.ecommerce.callingFunctions.CallingFunctions"/>
  <testcase name="verifyThatAnItemIsAddedToCart" time="16.046" classname="com.ecommerce.callingFunctions.CallingFunctions"/>
</testsuite> <!-- com.ecommerce.callingFunctions.CallingFunctions -->
