<?xml version="1.0" encoding="UTF-8"?>
<!-- Generated by org.testng.reporters.JUnitReportReporter -->
<testsuite hostname="U1-DPE-CPB-0020" name="com.ecommerce.callingFunctions.CallingFunctions" tests="1" failures="0" timestamp="1 Apr 2016 12:11:06 GMT" time="84.310" errors="0">
  <testcase name="verifyThatAllItemsAreAddedToCart" time="84.310" classname="com.ecommerce.callingFunctions.CallingFunctions"/>
</testsuite> <!-- com.ecommerce.callingFunctions.CallingFunctions -->
