<?xml version="1.0" encoding="UTF-8"?>
<!-- Generated by org.testng.reporters.JUnitReportReporter -->
<testsuite hostname="U1-DPE-CPB-0020" name="com.ecommerce.callingFunctions.CallingFunctions" tests="2" failures="0" timestamp="13 Apr 2016 14:53:11 GMT" time="36.449" errors="0">
  <testcase name="purchaseItems" time="26.122" classname="com.ecommerce.callingFunctions.CallingFunctions"/>
  <testcase name="verifyThatAnItemIsAddedToCart" time="10.327" classname="com.ecommerce.callingFunctions.CallingFunctions"/>
</testsuite> <!-- com.ecommerce.callingFunctions.CallingFunctions -->
