<?xml version="1.0" encoding="UTF-8"?>
<!-- Generated by org.testng.reporters.JUnitReportReporter -->
<testsuite hostname="U2-DPE-CPB-0052" name="com.LATimes.tests.LATimesCallingFunctions" tests="1" failures="0" timestamp="17 May 2016 15:12:55 GMT" time="117.986" errors="0">
  <testcase name="verifyThatUserCanScrollThroughArticles" time="117.986" classname="com.LATimes.tests.LATimesCallingFunctions"/>
</testsuite> <!-- com.LATimes.tests.LATimesCallingFunctions -->
