<?xml version="1.0" encoding="UTF-8"?>
<!-- Generated by org.testng.reporters.JUnitReportReporter -->
<testsuite hostname="U2-DPE-CPB-0052" name="com.LATimes.tests.LATimesCallingFunctions" tests="1" failures="0" timestamp="4 May 2016 11:53:41 GMT" time="6.501" errors="0">
  <testcase name="getSizeOfSections" time="6.501" classname="com.LATimes.tests.LATimesCallingFunctions"/>
</testsuite> <!-- com.LATimes.tests.LATimesCallingFunctions -->
